

Started GET "/" for 127.0.0.1 at 2015-09-13 16:58:31 -0400
Processing by Rails::WelcomeController#index as HTML
  Rendered /Users/gkmohit/.rbenv/versions/2.0.0-p353/lib/ruby/gems/2.0.0/gems/railties-4.0.2/lib/rails/templates/rails/welcome/index.html.erb (2.1ms)
Completed 200 OK in 47ms (Views: 27.4ms | ActiveRecord: 0.0ms)
  [1m[36m (1.8ms)[0m  [1mCREATE TABLE "schema_migrations" ("version" varchar(255) NOT NULL) [0m
  [1m[35m (1.4ms)[0m  CREATE UNIQUE INDEX "unique_schema_migrations" ON "schema_migrations" ("version")
  [1m[36mActiveRecord::SchemaMigration Load (0.2ms)[0m  [1mSELECT "schema_migrations".* FROM "schema_migrations"[0m
Migrating to CreateLists (20150913211443)
  [1m[35m (0.1ms)[0m  begin transaction
  [1m[36m (0.5ms)[0m  [1mCREATE TABLE "lists" ("id" INTEGER PRIMARY KEY AUTOINCREMENT NOT NULL, "title" varchar(255), "description" text, "created_at" datetime, "updated_at" datetime) [0m
  [1m[35mSQL (0.3ms)[0m  INSERT INTO "schema_migrations" ("version") VALUES (?)  [["version", "20150913211443"]]
  [1m[36m (1.4ms)[0m  [1mcommit transaction[0m
  [1m[35mActiveRecord::SchemaMigration Load (0.1ms)[0m  SELECT "schema_migrations".* FROM "schema_migrations"


Started GET "/" for 127.0.0.1 at 2015-09-13 17:18:03 -0400
  [1m[36mActiveRecord::SchemaMigration Load (0.2ms)[0m  [1mSELECT "schema_migrations".* FROM "schema_migrations"[0m
Processing by Rails::WelcomeController#index as HTML
  Rendered /Users/gkmohit/.rbenv/versions/2.0.0-p353/lib/ruby/gems/2.0.0/gems/railties-4.0.2/lib/rails/templates/rails/welcome/index.html.erb (2.2ms)
Completed 200 OK in 68ms (Views: 28.9ms | ActiveRecord: 0.0ms)


Started GET "/todo_list" for 127.0.0.1 at 2015-09-13 17:18:11 -0400

ActionController::RoutingError (No route matches [GET] "/todo_list"):
  actionpack (4.0.2) lib/action_dispatch/middleware/debug_exceptions.rb:21:in `call'
  actionpack (4.0.2) lib/action_dispatch/middleware/show_exceptions.rb:30:in `call'
  railties (4.0.2) lib/rails/rack/logger.rb:38:in `call_app'
  railties (4.0.2) lib/rails/rack/logger.rb:20:in `block in call'
  activesupport (4.0.2) lib/active_support/tagged_logging.rb:67:in `block in tagged'
  activesupport (4.0.2) lib/active_support/tagged_logging.rb:25:in `tagged'
  activesupport (4.0.2) lib/active_support/tagged_logging.rb:67:in `tagged'
  railties (4.0.2) lib/rails/rack/logger.rb:20:in `call'
  actionpack (4.0.2) lib/action_dispatch/middleware/request_id.rb:21:in `call'
  rack (1.5.5) lib/rack/methodoverride.rb:21:in `call'
  rack (1.5.5) lib/rack/runtime.rb:17:in `call'
  activesupport (4.0.2) lib/active_support/cache/strategy/local_cache.rb:83:in `call'
  rack (1.5.5) lib/rack/lock.rb:17:in `call'
  actionpack (4.0.2) lib/action_dispatch/middleware/static.rb:64:in `call'
  rack (1.5.5) lib/rack/sendfile.rb:112:in `call'
  railties (4.0.2) lib/rails/engine.rb:511:in `call'
  railties (4.0.2) lib/rails/application.rb:97:in `call'
  rack (1.5.5) lib/rack/lock.rb:17:in `call'
  rack (1.5.5) lib/rack/content_length.rb:14:in `call'
  rack (1.5.5) lib/rack/handler/webrick.rb:60:in `service'
  /Users/gkmohit/.rbenv/versions/2.0.0-p353/lib/ruby/2.0.0/webrick/httpserver.rb:138:in `service'
  /Users/gkmohit/.rbenv/versions/2.0.0-p353/lib/ruby/2.0.0/webrick/httpserver.rb:94:in `run'
  /Users/gkmohit/.rbenv/versions/2.0.0-p353/lib/ruby/2.0.0/webrick/server.rb:295:in `block in start_thread'


  Rendered /Users/gkmohit/.rbenv/versions/2.0.0-p353/lib/ruby/gems/2.0.0/gems/actionpack-4.0.2/lib/action_dispatch/middleware/templates/rescues/_trace.erb (1.2ms)
  Rendered /Users/gkmohit/.rbenv/versions/2.0.0-p353/lib/ruby/gems/2.0.0/gems/actionpack-4.0.2/lib/action_dispatch/middleware/templates/routes/_route.html.erb (1.6ms)
  Rendered /Users/gkmohit/.rbenv/versions/2.0.0-p353/lib/ruby/gems/2.0.0/gems/actionpack-4.0.2/lib/action_dispatch/middleware/templates/routes/_table.html.erb (42.3ms)
  Rendered /Users/gkmohit/.rbenv/versions/2.0.0-p353/lib/ruby/gems/2.0.0/gems/actionpack-4.0.2/lib/action_dispatch/middleware/templates/rescues/routing_error.erb within rescues/layout (72.6ms)


Started GET "/list" for 127.0.0.1 at 2015-09-13 17:18:16 -0400

ActionController::RoutingError (No route matches [GET] "/list"):
  actionpack (4.0.2) lib/action_dispatch/middleware/debug_exceptions.rb:21:in `call'
  actionpack (4.0.2) lib/action_dispatch/middleware/show_exceptions.rb:30:in `call'
  railties (4.0.2) lib/rails/rack/logger.rb:38:in `call_app'
  railties (4.0.2) lib/rails/rack/logger.rb:20:in `block in call'
  activesupport (4.0.2) lib/active_support/tagged_logging.rb:67:in `block in tagged'
  activesupport (4.0.2) lib/active_support/tagged_logging.rb:25:in `tagged'
  activesupport (4.0.2) lib/active_support/tagged_logging.rb:67:in `tagged'
  railties (4.0.2) lib/rails/rack/logger.rb:20:in `call'
  actionpack (4.0.2) lib/action_dispatch/middleware/request_id.rb:21:in `call'
  rack (1.5.5) lib/rack/methodoverride.rb:21:in `call'
  rack (1.5.5) lib/rack/runtime.rb:17:in `call'
  activesupport (4.0.2) lib/active_support/cache/strategy/local_cache.rb:83:in `call'
  rack (1.5.5) lib/rack/lock.rb:17:in `call'
  actionpack (4.0.2) lib/action_dispatch/middleware/static.rb:64:in `call'
  rack (1.5.5) lib/rack/sendfile.rb:112:in `call'
  railties (4.0.2) lib/rails/engine.rb:511:in `call'
  railties (4.0.2) lib/rails/application.rb:97:in `call'
  rack (1.5.5) lib/rack/lock.rb:17:in `call'
  rack (1.5.5) lib/rack/content_length.rb:14:in `call'
  rack (1.5.5) lib/rack/handler/webrick.rb:60:in `service'
  /Users/gkmohit/.rbenv/versions/2.0.0-p353/lib/ruby/2.0.0/webrick/httpserver.rb:138:in `service'
  /Users/gkmohit/.rbenv/versions/2.0.0-p353/lib/ruby/2.0.0/webrick/httpserver.rb:94:in `run'
  /Users/gkmohit/.rbenv/versions/2.0.0-p353/lib/ruby/2.0.0/webrick/server.rb:295:in `block in start_thread'


  Rendered /Users/gkmohit/.rbenv/versions/2.0.0-p353/lib/ruby/gems/2.0.0/gems/actionpack-4.0.2/lib/action_dispatch/middleware/templates/rescues/_trace.erb (1.1ms)
  Rendered /Users/gkmohit/.rbenv/versions/2.0.0-p353/lib/ruby/gems/2.0.0/gems/actionpack-4.0.2/lib/action_dispatch/middleware/templates/routes/_route.html.erb (1.9ms)
  Rendered /Users/gkmohit/.rbenv/versions/2.0.0-p353/lib/ruby/gems/2.0.0/gems/actionpack-4.0.2/lib/action_dispatch/middleware/templates/routes/_table.html.erb (1.1ms)
  Rendered /Users/gkmohit/.rbenv/versions/2.0.0-p353/lib/ruby/gems/2.0.0/gems/actionpack-4.0.2/lib/action_dispatch/middleware/templates/rescues/routing_error.erb within rescues/layout (20.7ms)
  [1m[36mActiveRecord::SchemaMigration Load (0.1ms)[0m  [1mSELECT "schema_migrations".* FROM "schema_migrations"[0m
Migrating to CreateThingsTodos (20150913212002)
  [1m[35m (0.1ms)[0m  begin transaction
  [1m[36m (1.5ms)[0m  [1mCREATE TABLE "things_todos" ("id" INTEGER PRIMARY KEY AUTOINCREMENT NOT NULL, "title" varchar(255), "description" text, "created_at" datetime, "updated_at" datetime) [0m
  [1m[35mSQL (0.2ms)[0m  INSERT INTO "schema_migrations" ("version") VALUES (?)  [["version", "20150913212002"]]
  [1m[36m (5.8ms)[0m  [1mcommit transaction[0m
  [1m[35mActiveRecord::SchemaMigration Load (0.1ms)[0m  SELECT "schema_migrations".* FROM "schema_migrations"


Started GET "/" for 127.0.0.1 at 2015-09-13 17:20:44 -0400
  [1m[36mActiveRecord::SchemaMigration Load (0.1ms)[0m  [1mSELECT "schema_migrations".* FROM "schema_migrations"[0m
Processing by Rails::WelcomeController#index as HTML
  Rendered /Users/gkmohit/.rbenv/versions/2.0.0-p353/lib/ruby/gems/2.0.0/gems/railties-4.0.2/lib/rails/templates/rails/welcome/index.html.erb (1.3ms)
Completed 200 OK in 15ms (Views: 6.4ms | ActiveRecord: 0.0ms)


Started GET "/things_todo" for 127.0.0.1 at 2015-09-13 17:20:50 -0400

ActionController::RoutingError (No route matches [GET] "/things_todo"):
  actionpack (4.0.2) lib/action_dispatch/middleware/debug_exceptions.rb:21:in `call'
  actionpack (4.0.2) lib/action_dispatch/middleware/show_exceptions.rb:30:in `call'
  railties (4.0.2) lib/rails/rack/logger.rb:38:in `call_app'
  railties (4.0.2) lib/rails/rack/logger.rb:20:in `block in call'
  activesupport (4.0.2) lib/active_support/tagged_logging.rb:67:in `block in tagged'
  activesupport (4.0.2) lib/active_support/tagged_logging.rb:25:in `tagged'
  activesupport (4.0.2) lib/active_support/tagged_logging.rb:67:in `tagged'
  railties (4.0.2) lib/rails/rack/logger.rb:20:in `call'
  actionpack (4.0.2) lib/action_dispatch/middleware/request_id.rb:21:in `call'
  rack (1.5.5) lib/rack/methodoverride.rb:21:in `call'
  rack (1.5.5) lib/rack/runtime.rb:17:in `call'
  activesupport (4.0.2) lib/active_support/cache/strategy/local_cache.rb:83:in `call'
  rack (1.5.5) lib/rack/lock.rb:17:in `call'
  actionpack (4.0.2) lib/action_dispatch/middleware/static.rb:64:in `call'
  rack (1.5.5) lib/rack/sendfile.rb:112:in `call'
  railties (4.0.2) lib/rails/engine.rb:511:in `call'
  railties (4.0.2) lib/rails/application.rb:97:in `call'
  rack (1.5.5) lib/rack/lock.rb:17:in `call'
  rack (1.5.5) lib/rack/content_length.rb:14:in `call'
  rack (1.5.5) lib/rack/handler/webrick.rb:60:in `service'
  /Users/gkmohit/.rbenv/versions/2.0.0-p353/lib/ruby/2.0.0/webrick/httpserver.rb:138:in `service'
  /Users/gkmohit/.rbenv/versions/2.0.0-p353/lib/ruby/2.0.0/webrick/httpserver.rb:94:in `run'
  /Users/gkmohit/.rbenv/versions/2.0.0-p353/lib/ruby/2.0.0/webrick/server.rb:295:in `block in start_thread'


  Rendered /Users/gkmohit/.rbenv/versions/2.0.0-p353/lib/ruby/gems/2.0.0/gems/actionpack-4.0.2/lib/action_dispatch/middleware/templates/rescues/_trace.erb (1.4ms)
  Rendered /Users/gkmohit/.rbenv/versions/2.0.0-p353/lib/ruby/gems/2.0.0/gems/actionpack-4.0.2/lib/action_dispatch/middleware/templates/routes/_route.html.erb (2.4ms)
  Rendered /Users/gkmohit/.rbenv/versions/2.0.0-p353/lib/ruby/gems/2.0.0/gems/actionpack-4.0.2/lib/action_dispatch/middleware/templates/routes/_table.html.erb (5.2ms)
  Rendered /Users/gkmohit/.rbenv/versions/2.0.0-p353/lib/ruby/gems/2.0.0/gems/actionpack-4.0.2/lib/action_dispatch/middleware/templates/rescues/routing_error.erb within rescues/layout (30.6ms)


Started GET "/things_todos" for 127.0.0.1 at 2015-09-13 17:21:51 -0400
Processing by ThingsTodosController#index as HTML
  [1m[35mThingsTodo Load (0.2ms)[0m  SELECT "things_todos".* FROM "things_todos"
  Rendered things_todos/index.html.erb within layouts/application (1.6ms)
Completed 200 OK in 1712ms (Views: 1709.2ms | ActiveRecord: 0.2ms)


Started GET "/assets/application.css?body=1" for 127.0.0.1 at 2015-09-13 17:21:53 -0400


Started GET "/assets/lists.css?body=1" for 127.0.0.1 at 2015-09-13 17:21:53 -0400


Started GET "/assets/scaffolds.css?body=1" for 127.0.0.1 at 2015-09-13 17:21:53 -0400


Started GET "/assets/things_todos.css?body=1" for 127.0.0.1 at 2015-09-13 17:21:53 -0400


Started GET "/assets/jquery.js?body=1" for 127.0.0.1 at 2015-09-13 17:21:53 -0400


Started GET "/assets/jquery_ujs.js?body=1" for 127.0.0.1 at 2015-09-13 17:21:53 -0400


Started GET "/assets/application.js?body=1" for 127.0.0.1 at 2015-09-13 17:21:53 -0400


Started GET "/assets/turbolinks.js?body=1" for 127.0.0.1 at 2015-09-13 17:21:53 -0400


Started GET "/assets/things_todos.js?body=1" for 127.0.0.1 at 2015-09-13 17:21:53 -0400


Started GET "/assets/lists.js?body=1" for 127.0.0.1 at 2015-09-13 17:21:53 -0400


Started GET "/things_todos/new" for 127.0.0.1 at 2015-09-13 17:21:57 -0400
Processing by ThingsTodosController#new as HTML
  Rendered things_todos/_form.html.erb (122.1ms)
  Rendered things_todos/new.html.erb within layouts/application (123.9ms)
Completed 200 OK in 131ms (Views: 128.9ms | ActiveRecord: 0.5ms)


Started GET "/things_todos/" for 127.0.0.1 at 2015-09-13 17:24:54 -0400

ActionController::RoutingError (No route matches [GET] "/things_todos"):
  actionpack (4.0.2) lib/action_dispatch/middleware/debug_exceptions.rb:21:in `call'
  actionpack (4.0.2) lib/action_dispatch/middleware/show_exceptions.rb:30:in `call'
  railties (4.0.2) lib/rails/rack/logger.rb:38:in `call_app'
  railties (4.0.2) lib/rails/rack/logger.rb:20:in `block in call'
  activesupport (4.0.2) lib/active_support/tagged_logging.rb:67:in `block in tagged'
  activesupport (4.0.2) lib/active_support/tagged_logging.rb:25:in `tagged'
  activesupport (4.0.2) lib/active_support/tagged_logging.rb:67:in `tagged'
  railties (4.0.2) lib/rails/rack/logger.rb:20:in `call'
  actionpack (4.0.2) lib/action_dispatch/middleware/request_id.rb:21:in `call'
  rack (1.5.5) lib/rack/methodoverride.rb:21:in `call'
  rack (1.5.5) lib/rack/runtime.rb:17:in `call'
  activesupport (4.0.2) lib/active_support/cache/strategy/local_cache.rb:83:in `call'
  rack (1.5.5) lib/rack/lock.rb:17:in `call'
  actionpack (4.0.2) lib/action_dispatch/middleware/static.rb:64:in `call'
  rack (1.5.5) lib/rack/sendfile.rb:112:in `call'
  railties (4.0.2) lib/rails/engine.rb:511:in `call'
  railties (4.0.2) lib/rails/application.rb:97:in `call'
  rack (1.5.5) lib/rack/lock.rb:17:in `call'
  rack (1.5.5) lib/rack/content_length.rb:14:in `call'
  rack (1.5.5) lib/rack/handler/webrick.rb:60:in `service'
  /Users/gkmohit/.rbenv/versions/2.0.0-p353/lib/ruby/2.0.0/webrick/httpserver.rb:138:in `service'
  /Users/gkmohit/.rbenv/versions/2.0.0-p353/lib/ruby/2.0.0/webrick/httpserver.rb:94:in `run'
  /Users/gkmohit/.rbenv/versions/2.0.0-p353/lib/ruby/2.0.0/webrick/server.rb:295:in `block in start_thread'


  Rendered /Users/gkmohit/.rbenv/versions/2.0.0-p353/lib/ruby/gems/2.0.0/gems/actionpack-4.0.2/lib/action_dispatch/middleware/templates/rescues/_trace.erb (1.0ms)
  Rendered /Users/gkmohit/.rbenv/versions/2.0.0-p353/lib/ruby/gems/2.0.0/gems/actionpack-4.0.2/lib/action_dispatch/middleware/templates/routes/_table.html.erb (4.4ms)
  Rendered /Users/gkmohit/.rbenv/versions/2.0.0-p353/lib/ruby/gems/2.0.0/gems/actionpack-4.0.2/lib/action_dispatch/middleware/templates/rescues/routing_error.erb within rescues/layout (17.0ms)


Started GET "/" for 127.0.0.1 at 2015-09-13 17:24:59 -0400
Processing by Rails::WelcomeController#index as HTML
  Rendered /Users/gkmohit/.rbenv/versions/2.0.0-p353/lib/ruby/gems/2.0.0/gems/railties-4.0.2/lib/rails/templates/rails/welcome/index.html.erb (0.8ms)
Completed 200 OK in 29ms (Views: 3.7ms | ActiveRecord: 0.0ms)
  [1m[36mActiveRecord::SchemaMigration Load (0.2ms)[0m  [1mSELECT "schema_migrations".* FROM "schema_migrations"[0m
Migrating to CreateTodoThings (20150913212522)
  [1m[35m (0.1ms)[0m  begin transaction
  [1m[36m (0.7ms)[0m  [1mCREATE TABLE "todo_things" ("id" INTEGER PRIMARY KEY AUTOINCREMENT NOT NULL, "title" varchar(255), "description" text, "created_at" datetime, "updated_at" datetime) [0m
  [1m[35mSQL (0.3ms)[0m  INSERT INTO "schema_migrations" ("version") VALUES (?)  [["version", "20150913212522"]]
  [1m[36m (17.9ms)[0m  [1mcommit transaction[0m
  [1m[35mActiveRecord::SchemaMigration Load (0.1ms)[0m  SELECT "schema_migrations".* FROM "schema_migrations"


Started GET "/todo_things" for 127.0.0.1 at 2015-09-13 17:25:59 -0400
  [1m[36mActiveRecord::SchemaMigration Load (0.1ms)[0m  [1mSELECT "schema_migrations".* FROM "schema_migrations"[0m
Processing by TodoThingsController#index as HTML
  [1m[35mTodoThing Load (0.2ms)[0m  SELECT "todo_things".* FROM "todo_things"
  Rendered todo_things/index.html.erb within layouts/application (2.4ms)
Completed 200 OK in 361ms (Views: 348.3ms | ActiveRecord: 0.2ms)


Started GET "/assets/scaffolds.css?body=1" for 127.0.0.1 at 2015-09-13 17:26:00 -0400


Started GET "/assets/todo_things.css?body=1" for 127.0.0.1 at 2015-09-13 17:26:00 -0400


Started GET "/assets/jquery.js?body=1" for 127.0.0.1 at 2015-09-13 17:26:00 -0400


Started GET "/assets/jquery_ujs.js?body=1" for 127.0.0.1 at 2015-09-13 17:26:00 -0400


Started GET "/assets/turbolinks.js?body=1" for 127.0.0.1 at 2015-09-13 17:26:00 -0400


Started GET "/assets/todo_things.js?body=1" for 127.0.0.1 at 2015-09-13 17:26:00 -0400


Started GET "/todo_things/new" for 127.0.0.1 at 2015-09-13 17:26:02 -0400
Processing by TodoThingsController#new as HTML
  Rendered todo_things/_form.html.erb (78.2ms)
  Rendered todo_things/new.html.erb within layouts/application (81.6ms)
Completed 200 OK in 89ms (Views: 86.7ms | ActiveRecord: 0.4ms)


Started POST "/todo_things" for 127.0.0.1 at 2015-09-13 17:26:10 -0400
Processing by TodoThingsController#create as HTML
  Parameters: {"utf8"=>"✓", "authenticity_token"=>"wpcekwtcXW1USG0JWMRgaeHH/8plxJyElYCmKdD00Ck=", "todo_thing"=>{"title"=>"Grocery", "description"=>"Banada"}, "commit"=>"Create Todo thing"}
  [1m[36m (0.1ms)[0m  [1mbegin transaction[0m
  [1m[35mSQL (163.0ms)[0m  INSERT INTO "todo_things" ("created_at", "description", "title", "updated_at") VALUES (?, ?, ?, ?)  [["created_at", Sun, 13 Sep 2015 21:26:10 UTC +00:00], ["description", "Banada"], ["title", "Grocery"], ["updated_at", Sun, 13 Sep 2015 21:26:10 UTC +00:00]]
  [1m[36m (2.0ms)[0m  [1mcommit transaction[0m
Redirected to http://localhost:3000/todo_things/1
Completed 302 Found in 171ms (ActiveRecord: 165.0ms)


Started GET "/todo_things/1" for 127.0.0.1 at 2015-09-13 17:26:10 -0400
Processing by TodoThingsController#show as HTML
  Parameters: {"id"=>"1"}
  [1m[35mTodoThing Load (0.2ms)[0m  SELECT "todo_things".* FROM "todo_things" WHERE "todo_things"."id" = ? LIMIT 1  [["id", "1"]]
  Rendered todo_things/show.html.erb within layouts/application (1.0ms)
Completed 200 OK in 9ms (Views: 5.3ms | ActiveRecord: 0.2ms)


Started GET "/assets/scaffolds.css?body=1" for 127.0.0.1 at 2015-09-13 17:26:10 -0400


Started GET "/assets/todo_things.css?body=1" for 127.0.0.1 at 2015-09-13 17:26:10 -0400


Started GET "/assets/jquery_ujs.js?body=1" for 127.0.0.1 at 2015-09-13 17:26:10 -0400


Started GET "/assets/turbolinks.js?body=1" for 127.0.0.1 at 2015-09-13 17:26:10 -0400


Started GET "/assets/jquery.js?body=1" for 127.0.0.1 at 2015-09-13 17:26:10 -0400


Started GET "/assets/todo_things.js?body=1" for 127.0.0.1 at 2015-09-13 17:26:10 -0400


Started GET "/todo_things/1/edit" for 127.0.0.1 at 2015-09-13 17:27:21 -0400
Processing by TodoThingsController#edit as HTML
  Parameters: {"id"=>"1"}
  [1m[36mTodoThing Load (0.3ms)[0m  [1mSELECT "todo_things".* FROM "todo_things" WHERE "todo_things"."id" = ? LIMIT 1[0m  [["id", "1"]]
  Rendered todo_things/_form.html.erb (5.3ms)
  Rendered todo_things/edit.html.erb within layouts/application (8.0ms)
Completed 200 OK in 39ms (Views: 36.2ms | ActiveRecord: 0.3ms)


Started PATCH "/todo_things/1" for 127.0.0.1 at 2015-09-13 17:27:25 -0400
Processing by TodoThingsController#update as HTML
  Parameters: {"utf8"=>"✓", "authenticity_token"=>"wpcekwtcXW1USG0JWMRgaeHH/8plxJyElYCmKdD00Ck=", "todo_thing"=>{"title"=>"Grocery", "description"=>"Banada asdasdadf"}, "commit"=>"Update Todo thing", "id"=>"1"}
  [1m[35mTodoThing Load (0.2ms)[0m  SELECT "todo_things".* FROM "todo_things" WHERE "todo_things"."id" = ? LIMIT 1  [["id", "1"]]
  [1m[36m (0.1ms)[0m  [1mbegin transaction[0m
  [1m[35mSQL (0.8ms)[0m  UPDATE "todo_things" SET "description" = ?, "updated_at" = ? WHERE "todo_things"."id" = 1  [["description", "Banada asdasdadf"], ["updated_at", Sun, 13 Sep 2015 21:27:25 UTC +00:00]]
  [1m[36m (1.3ms)[0m  [1mcommit transaction[0m
Redirected to http://localhost:3000/todo_things/1
Completed 302 Found in 30ms (ActiveRecord: 2.4ms)


Started GET "/todo_things/1" for 127.0.0.1 at 2015-09-13 17:27:25 -0400
Processing by TodoThingsController#show as HTML
  Parameters: {"id"=>"1"}
  [1m[35mTodoThing Load (0.3ms)[0m  SELECT "todo_things".* FROM "todo_things" WHERE "todo_things"."id" = ? LIMIT 1  [["id", "1"]]
  Rendered todo_things/show.html.erb within layouts/application (0.6ms)
Completed 200 OK in 8ms (Views: 5.1ms | ActiveRecord: 0.3ms)


Started GET "/assets/application.css?body=1" for 127.0.0.1 at 2015-09-13 17:27:25 -0400


Started GET "/assets/scaffolds.css?body=1" for 127.0.0.1 at 2015-09-13 17:27:25 -0400


Started GET "/assets/todo_things.css?body=1" for 127.0.0.1 at 2015-09-13 17:27:25 -0400


Started GET "/assets/jquery.js?body=1" for 127.0.0.1 at 2015-09-13 17:27:25 -0400


Started GET "/assets/jquery_ujs.js?body=1" for 127.0.0.1 at 2015-09-13 17:27:25 -0400


Started GET "/assets/turbolinks.js?body=1" for 127.0.0.1 at 2015-09-13 17:27:25 -0400


Started GET "/assets/application.js?body=1" for 127.0.0.1 at 2015-09-13 17:27:25 -0400


Started GET "/assets/todo_things.js?body=1" for 127.0.0.1 at 2015-09-13 17:27:25 -0400


Started GET "/todo_things/1/edit" for 127.0.0.1 at 2015-09-13 17:27:29 -0400
Processing by TodoThingsController#edit as HTML
  Parameters: {"id"=>"1"}
  [1m[36mTodoThing Load (0.3ms)[0m  [1mSELECT "todo_things".* FROM "todo_things" WHERE "todo_things"."id" = ? LIMIT 1[0m  [["id", "1"]]
  Rendered todo_things/_form.html.erb (2.8ms)
  Rendered todo_things/edit.html.erb within layouts/application (4.1ms)
Completed 200 OK in 10ms (Views: 8.1ms | ActiveRecord: 0.3ms)


Started GET "/todo_things" for 127.0.0.1 at 2015-09-13 17:27:30 -0400
Processing by TodoThingsController#index as HTML
  [1m[35mTodoThing Load (0.2ms)[0m  SELECT "todo_things".* FROM "todo_things"
  Rendered todo_things/index.html.erb within layouts/application (3.2ms)
Completed 200 OK in 10ms (Views: 8.8ms | ActiveRecord: 0.2ms)


Started GET "/todo_things/new" for 127.0.0.1 at 2015-09-13 17:27:31 -0400
Processing by TodoThingsController#new as HTML
  Rendered todo_things/_form.html.erb (2.5ms)
  Rendered todo_things/new.html.erb within layouts/application (3.8ms)
Completed 200 OK in 9ms (Views: 8.3ms | ActiveRecord: 0.0ms)


Started POST "/todo_things" for 127.0.0.1 at 2015-09-13 17:27:36 -0400
Processing by TodoThingsController#create as HTML
  Parameters: {"utf8"=>"✓", "authenticity_token"=>"wpcekwtcXW1USG0JWMRgaeHH/8plxJyElYCmKdD00Ck=", "todo_thing"=>{"title"=>"etst", "description"=>"asfdgsfdg"}, "commit"=>"Create Todo thing"}
  [1m[36m (0.1ms)[0m  [1mbegin transaction[0m
  [1m[35mSQL (0.6ms)[0m  INSERT INTO "todo_things" ("created_at", "description", "title", "updated_at") VALUES (?, ?, ?, ?)  [["created_at", Sun, 13 Sep 2015 21:27:36 UTC +00:00], ["description", "asfdgsfdg"], ["title", "etst"], ["updated_at", Sun, 13 Sep 2015 21:27:36 UTC +00:00]]
  [1m[36m (1.8ms)[0m  [1mcommit transaction[0m
Redirected to http://localhost:3000/todo_things/2
Completed 302 Found in 7ms (ActiveRecord: 2.5ms)


Started GET "/todo_things/2" for 127.0.0.1 at 2015-09-13 17:27:36 -0400
Processing by TodoThingsController#show as HTML
  Parameters: {"id"=>"2"}
  [1m[35mTodoThing Load (0.3ms)[0m  SELECT "todo_things".* FROM "todo_things" WHERE "todo_things"."id" = ? LIMIT 1  [["id", "2"]]
  Rendered todo_things/show.html.erb within layouts/application (0.7ms)
Completed 200 OK in 12ms (Views: 8.9ms | ActiveRecord: 0.3ms)


Started GET "/assets/application.css?body=1" for 127.0.0.1 at 2015-09-13 17:27:36 -0400


Started GET "/assets/scaffolds.css?body=1" for 127.0.0.1 at 2015-09-13 17:27:36 -0400


Started GET "/assets/jquery.js?body=1" for 127.0.0.1 at 2015-09-13 17:27:36 -0400


Started GET "/assets/jquery_ujs.js?body=1" for 127.0.0.1 at 2015-09-13 17:27:36 -0400


Started GET "/assets/todo_things.css?body=1" for 127.0.0.1 at 2015-09-13 17:27:36 -0400


Started GET "/assets/application.js?body=1" for 127.0.0.1 at 2015-09-13 17:27:36 -0400


Started GET "/assets/todo_things.js?body=1" for 127.0.0.1 at 2015-09-13 17:27:36 -0400


Started GET "/assets/turbolinks.js?body=1" for 127.0.0.1 at 2015-09-13 17:27:36 -0400


Started GET "/todo_things/2/edit" for 127.0.0.1 at 2015-09-13 17:27:38 -0400
Processing by TodoThingsController#edit as HTML
  Parameters: {"id"=>"2"}
  [1m[36mTodoThing Load (0.2ms)[0m  [1mSELECT "todo_things".* FROM "todo_things" WHERE "todo_things"."id" = ? LIMIT 1[0m  [["id", "2"]]
  Rendered todo_things/_form.html.erb (2.0ms)
  Rendered todo_things/edit.html.erb within layouts/application (3.3ms)
Completed 200 OK in 9ms (Views: 7.5ms | ActiveRecord: 0.2ms)


Started GET "/todo_things/2" for 127.0.0.1 at 2015-09-13 17:27:39 -0400
Processing by TodoThingsController#show as HTML
  Parameters: {"id"=>"2"}
  [1m[35mTodoThing Load (0.2ms)[0m  SELECT "todo_things".* FROM "todo_things" WHERE "todo_things"."id" = ? LIMIT 1  [["id", "2"]]
  Rendered todo_things/show.html.erb within layouts/application (1.4ms)
Completed 200 OK in 8ms (Views: 6.4ms | ActiveRecord: 0.2ms)


Started GET "/todo_things" for 127.0.0.1 at 2015-09-13 17:27:41 -0400
Processing by TodoThingsController#index as HTML
  [1m[36mTodoThing Load (0.2ms)[0m  [1mSELECT "todo_things".* FROM "todo_things"[0m
  Rendered todo_things/index.html.erb within layouts/application (2.1ms)
Completed 200 OK in 9ms (Views: 7.4ms | ActiveRecord: 0.2ms)


Started DELETE "/todo_things/2" for 127.0.0.1 at 2015-09-13 17:27:50 -0400
Processing by TodoThingsController#destroy as HTML
  Parameters: {"authenticity_token"=>"wpcekwtcXW1USG0JWMRgaeHH/8plxJyElYCmKdD00Ck=", "id"=>"2"}
  [1m[35mTodoThing Load (0.2ms)[0m  SELECT "todo_things".* FROM "todo_things" WHERE "todo_things"."id" = ? LIMIT 1  [["id", "2"]]
  [1m[36m (0.1ms)[0m  [1mbegin transaction[0m
  [1m[35mSQL (0.5ms)[0m  DELETE FROM "todo_things" WHERE "todo_things"."id" = ?  [["id", 2]]
  [1m[36m (1.1ms)[0m  [1mcommit transaction[0m
Redirected to http://localhost:3000/todo_things
Completed 302 Found in 6ms (ActiveRecord: 1.8ms)


Started GET "/todo_things" for 127.0.0.1 at 2015-09-13 17:27:50 -0400
Processing by TodoThingsController#index as HTML
  [1m[35mTodoThing Load (0.2ms)[0m  SELECT "todo_things".* FROM "todo_things"
  Rendered todo_things/index.html.erb within layouts/application (1.7ms)
Completed 200 OK in 8ms (Views: 6.8ms | ActiveRecord: 0.2ms)


Started GET "/assets/scaffolds.css?body=1" for 127.0.0.1 at 2015-09-13 17:27:50 -0400


Started GET "/assets/todo_things.css?body=1" for 127.0.0.1 at 2015-09-13 17:27:50 -0400


Started GET "/assets/turbolinks.js?body=1" for 127.0.0.1 at 2015-09-13 17:27:50 -0400


Started GET "/assets/jquery.js?body=1" for 127.0.0.1 at 2015-09-13 17:27:50 -0400


Started GET "/assets/jquery_ujs.js?body=1" for 127.0.0.1 at 2015-09-13 17:27:50 -0400


Started GET "/assets/todo_things.js?body=1" for 127.0.0.1 at 2015-09-13 17:27:50 -0400


Started GET "/assets/application.js?body=1" for 127.0.0.1 at 2015-09-13 17:27:50 -0400


Started GET "/assets/application.css?body=1" for 127.0.0.1 at 2015-09-13 17:27:50 -0400


Started GET "/todo_things" for 127.0.0.1 at 2015-09-13 17:28:45 -0400
Processing by TodoThingsController#index as HTML
  [1m[36mTodoThing Load (0.3ms)[0m  [1mSELECT "todo_things".* FROM "todo_things"[0m
  Rendered todo_things/index.html.erb within layouts/application (7.6ms)
Completed 200 OK in 15ms (Views: 12.1ms | ActiveRecord: 0.6ms)


Started GET "/assets/application.css?body=1" for 127.0.0.1 at 2015-09-13 17:28:45 -0400


Started GET "/assets/todo_things.css?body=1" for 127.0.0.1 at 2015-09-13 17:28:45 -0400


Started GET "/assets/jquery.js?body=1" for 127.0.0.1 at 2015-09-13 17:28:45 -0400


Started GET "/assets/jquery_ujs.js?body=1" for 127.0.0.1 at 2015-09-13 17:28:45 -0400


Started GET "/assets/turbolinks.js?body=1" for 127.0.0.1 at 2015-09-13 17:28:45 -0400


Started GET "/assets/application.js?body=1" for 127.0.0.1 at 2015-09-13 17:28:45 -0400


Started GET "/assets/todo_things.js?body=1" for 127.0.0.1 at 2015-09-13 17:28:45 -0400


Started GET "/assets/scaffolds.css?body=1" for 127.0.0.1 at 2015-09-13 17:28:45 -0400


Started GET "/todo_things" for 127.0.0.1 at 2015-09-13 17:28:47 -0400
Processing by TodoThingsController#index as HTML
  [1m[35mTodoThing Load (0.3ms)[0m  SELECT "todo_things".* FROM "todo_things"
  Rendered todo_things/index.html.erb within layouts/application (2.0ms)
Completed 200 OK in 9ms (Views: 7.4ms | ActiveRecord: 0.3ms)


Started GET "/assets/application.css?body=1" for 127.0.0.1 at 2015-09-13 17:28:47 -0400


Started GET "/assets/scaffolds.css?body=1" for 127.0.0.1 at 2015-09-13 17:28:47 -0400


Started GET "/assets/todo_things.css?body=1" for 127.0.0.1 at 2015-09-13 17:28:47 -0400


Started GET "/assets/jquery_ujs.js?body=1" for 127.0.0.1 at 2015-09-13 17:28:47 -0400


Started GET "/assets/jquery.js?body=1" for 127.0.0.1 at 2015-09-13 17:28:47 -0400


Started GET "/assets/todo_things.js?body=1" for 127.0.0.1 at 2015-09-13 17:28:47 -0400


Started GET "/assets/application.js?body=1" for 127.0.0.1 at 2015-09-13 17:28:47 -0400


Started GET "/assets/turbolinks.js?body=1" for 127.0.0.1 at 2015-09-13 17:28:47 -0400


Started GET "/" for 127.0.0.1 at 2015-09-13 17:28:49 -0400
Processing by TodoThingsController#index as HTML
  [1m[36mTodoThing Load (0.1ms)[0m  [1mSELECT "todo_things".* FROM "todo_things"[0m
  Rendered todo_things/index.html.erb within layouts/application (1.1ms)
Completed 200 OK in 29ms (Views: 28.3ms | ActiveRecord: 0.1ms)


Started GET "/assets/scaffolds.css?body=1" for 127.0.0.1 at 2015-09-13 17:28:49 -0400


Started GET "/assets/todo_things.css?body=1" for 127.0.0.1 at 2015-09-13 17:28:49 -0400


Started GET "/assets/jquery.js?body=1" for 127.0.0.1 at 2015-09-13 17:28:49 -0400


Started GET "/assets/jquery_ujs.js?body=1" for 127.0.0.1 at 2015-09-13 17:28:49 -0400


Started GET "/assets/application.css?body=1" for 127.0.0.1 at 2015-09-13 17:28:49 -0400


Started GET "/assets/todo_things.js?body=1" for 127.0.0.1 at 2015-09-13 17:28:49 -0400


Started GET "/assets/application.js?body=1" for 127.0.0.1 at 2015-09-13 17:28:49 -0400


Started GET "/assets/turbolinks.js?body=1" for 127.0.0.1 at 2015-09-13 17:28:49 -0400


Started DELETE "/todo_things/1" for 127.0.0.1 at 2015-09-13 17:28:53 -0400
Processing by TodoThingsController#destroy as HTML
  Parameters: {"authenticity_token"=>"wpcekwtcXW1USG0JWMRgaeHH/8plxJyElYCmKdD00Ck=", "id"=>"1"}
  [1m[35mTodoThing Load (0.2ms)[0m  SELECT "todo_things".* FROM "todo_things" WHERE "todo_things"."id" = ? LIMIT 1  [["id", "1"]]
  [1m[36m (0.1ms)[0m  [1mbegin transaction[0m
  [1m[35mSQL (0.4ms)[0m  DELETE FROM "todo_things" WHERE "todo_things"."id" = ?  [["id", 1]]
  [1m[36m (1.8ms)[0m  [1mcommit transaction[0m
Redirected to http://localhost:3000/todo_things
Completed 302 Found in 7ms (ActiveRecord: 2.5ms)


Started GET "/todo_things" for 127.0.0.1 at 2015-09-13 17:28:53 -0400
Processing by TodoThingsController#index as HTML
  [1m[35mTodoThing Load (0.2ms)[0m  SELECT "todo_things".* FROM "todo_things"
  Rendered todo_things/index.html.erb within layouts/application (0.8ms)
Completed 200 OK in 5ms (Views: 4.6ms | ActiveRecord: 0.2ms)


Started GET "/assets/application.css?body=1" for 127.0.0.1 at 2015-09-13 17:28:53 -0400


Started GET "/assets/jquery.js?body=1" for 127.0.0.1 at 2015-09-13 17:28:53 -0400


Started GET "/assets/scaffolds.css?body=1" for 127.0.0.1 at 2015-09-13 17:28:53 -0400


Started GET "/assets/todo_things.css?body=1" for 127.0.0.1 at 2015-09-13 17:28:53 -0400


Started GET "/assets/jquery_ujs.js?body=1" for 127.0.0.1 at 2015-09-13 17:28:53 -0400


Started GET "/assets/turbolinks.js?body=1" for 127.0.0.1 at 2015-09-13 17:28:53 -0400


Started GET "/assets/todo_things.js?body=1" for 127.0.0.1 at 2015-09-13 17:28:53 -0400


Started GET "/assets/application.js?body=1" for 127.0.0.1 at 2015-09-13 17:28:53 -0400


Started GET "/" for 127.0.0.1 at 2015-09-13 17:28:57 -0400
Processing by TodoThingsController#index as HTML
  [1m[36mTodoThing Load (0.1ms)[0m  [1mSELECT "todo_things".* FROM "todo_things"[0m
  Rendered todo_things/index.html.erb within layouts/application (0.7ms)
Completed 200 OK in 6ms (Views: 5.1ms | ActiveRecord: 0.1ms)


Started GET "/assets/application.css?body=1" for 127.0.0.1 at 2015-09-13 17:28:57 -0400


Started GET "/assets/scaffolds.css?body=1" for 127.0.0.1 at 2015-09-13 17:28:57 -0400


Started GET "/assets/turbolinks.js?body=1" for 127.0.0.1 at 2015-09-13 17:28:57 -0400


Started GET "/assets/jquery.js?body=1" for 127.0.0.1 at 2015-09-13 17:28:57 -0400


Started GET "/assets/jquery_ujs.js?body=1" for 127.0.0.1 at 2015-09-13 17:28:57 -0400


Started GET "/assets/todo_things.js?body=1" for 127.0.0.1 at 2015-09-13 17:28:57 -0400


Started GET "/assets/todo_things.css?body=1" for 127.0.0.1 at 2015-09-13 17:28:57 -0400


Started GET "/assets/application.js?body=1" for 127.0.0.1 at 2015-09-13 17:28:57 -0400


Started GET "/todo_things/new" for 127.0.0.1 at 2015-09-13 17:29:01 -0400
Processing by TodoThingsController#new as HTML
  Rendered todo_things/_form.html.erb (2.4ms)
  Rendered todo_things/new.html.erb within layouts/application (3.5ms)
Completed 200 OK in 9ms (Views: 7.7ms | ActiveRecord: 0.0ms)
  [1m[36m (1.5ms)[0m  [1mCREATE TABLE "lists" ("id" INTEGER PRIMARY KEY AUTOINCREMENT NOT NULL, "title" varchar(255), "description" text, "created_at" datetime, "updated_at" datetime) [0m
  [1m[35m (1.2ms)[0m  CREATE TABLE "things_todos" ("id" INTEGER PRIMARY KEY AUTOINCREMENT NOT NULL, "title" varchar(255), "description" text, "created_at" datetime, "updated_at" datetime) 
  [1m[36m (1.4ms)[0m  [1mCREATE TABLE "todo_things" ("id" INTEGER PRIMARY KEY AUTOINCREMENT NOT NULL, "title" varchar(255), "description" text, "created_at" datetime, "updated_at" datetime) [0m
  [1m[35m (1.3ms)[0m  CREATE TABLE "schema_migrations" ("version" varchar(255) NOT NULL) 
  [1m[36m (1.2ms)[0m  [1mCREATE UNIQUE INDEX "unique_schema_migrations" ON "schema_migrations" ("version")[0m
  [1m[35m (0.2ms)[0m  SELECT version FROM "schema_migrations"
  [1m[36m (1.2ms)[0m  [1mINSERT INTO "schema_migrations" (version) VALUES ('20150913212522')[0m
  [1m[35mActiveRecord::SchemaMigration Load (0.1ms)[0m  SELECT "schema_migrations".* FROM "schema_migrations"


Started GET "/" for 127.0.0.1 at 2015-09-13 18:23:55 -0400
  [1m[36mActiveRecord::SchemaMigration Load (0.1ms)[0m  [1mSELECT "schema_migrations".* FROM "schema_migrations"[0m
Processing by TodoThingsController#index as HTML
  [1m[35mTodoThing Load (0.2ms)[0m  SELECT "todo_things".* FROM "todo_things"
  Rendered todo_things/index.html.erb within layouts/application (2.3ms)
Completed 200 OK in 241ms (Views: 231.1ms | ActiveRecord: 0.2ms)


Started GET "/assets/scaffolds.css?body=1" for 127.0.0.1 at 2015-09-13 18:23:55 -0400


Started GET "/assets/todo_things.css?body=1" for 127.0.0.1 at 2015-09-13 18:23:55 -0400


Started GET "/assets/jquery.js?body=1" for 127.0.0.1 at 2015-09-13 18:23:55 -0400


Started GET "/assets/jquery_ujs.js?body=1" for 127.0.0.1 at 2015-09-13 18:23:55 -0400


Started GET "/assets/todo_things.js?body=1" for 127.0.0.1 at 2015-09-13 18:23:55 -0400


Started GET "/assets/turbolinks.js?body=1" for 127.0.0.1 at 2015-09-13 18:23:55 -0400


Started GET "/assets/application.css?body=1" for 127.0.0.1 at 2015-09-13 18:23:55 -0400


Started GET "/assets/application.js?body=1" for 127.0.0.1 at 2015-09-13 18:23:55 -0400


Started GET "/todo_things/new" for 127.0.0.1 at 2015-09-13 18:23:59 -0400
Processing by TodoThingsController#new as HTML
  Rendered todo_things/_form.html.erb (43.7ms)
  Rendered todo_things/new.html.erb within layouts/application (46.9ms)
Completed 200 OK in 54ms (Views: 51.6ms | ActiveRecord: 0.5ms)


Started POST "/todo_things" for 127.0.0.1 at 2015-09-13 18:24:11 -0400
Processing by TodoThingsController#create as HTML
  Parameters: {"utf8"=>"✓", "authenticity_token"=>"wpcekwtcXW1USG0JWMRgaeHH/8plxJyElYCmKdD00Ck=", "todo_thing"=>{"title"=>"Testin", "description"=>"TEST TEST"}, "commit"=>"Create Todo thing"}
  [1m[36m (0.1ms)[0m  [1mbegin transaction[0m
  [1m[35mSQL (3.9ms)[0m  INSERT INTO "todo_things" ("created_at", "description", "title", "updated_at") VALUES (?, ?, ?, ?)  [["created_at", Sun, 13 Sep 2015 22:24:11 UTC +00:00], ["description", "TEST TEST"], ["title", "Testin"], ["updated_at", Sun, 13 Sep 2015 22:24:11 UTC +00:00]]
  [1m[36m (5.8ms)[0m  [1mcommit transaction[0m
Redirected to http://localhost:3000/todo_things/3
Completed 302 Found in 18ms (ActiveRecord: 9.8ms)


Started GET "/todo_things/3" for 127.0.0.1 at 2015-09-13 18:24:11 -0400
Processing by TodoThingsController#show as HTML
  Parameters: {"id"=>"3"}
  [1m[35mTodoThing Load (0.3ms)[0m  SELECT "todo_things".* FROM "todo_things" WHERE "todo_things"."id" = ? LIMIT 1  [["id", "3"]]
  Rendered todo_things/show.html.erb within layouts/application (1.3ms)
Completed 200 OK in 13ms (Views: 7.8ms | ActiveRecord: 0.3ms)


Started GET "/assets/application.css?body=1" for 127.0.0.1 at 2015-09-13 18:24:11 -0400


Started GET "/assets/todo_things.css?body=1" for 127.0.0.1 at 2015-09-13 18:24:11 -0400


Started GET "/assets/scaffolds.css?body=1" for 127.0.0.1 at 2015-09-13 18:24:11 -0400


Started GET "/assets/jquery.js?body=1" for 127.0.0.1 at 2015-09-13 18:24:11 -0400


Started GET "/assets/turbolinks.js?body=1" for 127.0.0.1 at 2015-09-13 18:24:11 -0400


Started GET "/assets/jquery_ujs.js?body=1" for 127.0.0.1 at 2015-09-13 18:24:11 -0400


Started GET "/assets/application.js?body=1" for 127.0.0.1 at 2015-09-13 18:24:11 -0400


Started GET "/assets/todo_things.js?body=1" for 127.0.0.1 at 2015-09-13 18:24:11 -0400


Started GET "/todo_things" for 127.0.0.1 at 2015-09-13 18:24:14 -0400
Processing by TodoThingsController#index as HTML
  [1m[36mTodoThing Load (0.2ms)[0m  [1mSELECT "todo_things".* FROM "todo_things"[0m
  Rendered todo_things/index.html.erb within layouts/application (2.4ms)
Completed 200 OK in 7ms (Views: 6.4ms | ActiveRecord: 0.2ms)


Started GET "/todo_things/3" for 127.0.0.1 at 2015-09-13 18:24:16 -0400
Processing by TodoThingsController#show as HTML
  Parameters: {"id"=>"3"}
  [1m[35mTodoThing Load (0.2ms)[0m  SELECT "todo_things".* FROM "todo_things" WHERE "todo_things"."id" = ? LIMIT 1  [["id", "3"]]
  Rendered todo_things/show.html.erb within layouts/application (1.0ms)
Completed 200 OK in 7ms (Views: 5.5ms | ActiveRecord: 0.1ms)


Started GET "/todo_things" for 127.0.0.1 at 2015-09-13 18:24:18 -0400
Processing by TodoThingsController#index as HTML
  [1m[36mTodoThing Load (0.2ms)[0m  [1mSELECT "todo_things".* FROM "todo_things"[0m
  Rendered todo_things/index.html.erb within layouts/application (1.6ms)
Completed 200 OK in 7ms (Views: 5.8ms | ActiveRecord: 0.2ms)


Started GET "/todo_things/new" for 127.0.0.1 at 2015-09-13 18:41:19 -0400
  [1m[36mActiveRecord::SchemaMigration Load (0.2ms)[0m  [1mSELECT "schema_migrations".* FROM "schema_migrations"[0m
Processing by TodoThingsController#new as HTML
  Rendered todo_things/_form.html.erb (96.4ms)
  Rendered todo_things/new.html.erb within layouts/application (103.0ms)
Completed 200 OK in 411ms (Views: 384.3ms | ActiveRecord: 0.5ms)


Started GET "/assets/application.css?body=1" for 127.0.0.1 at 2015-09-13 18:41:20 -0400


Started GET "/assets/jquery_ujs.js?body=1" for 127.0.0.1 at 2015-09-13 18:41:20 -0400


Started GET "/assets/jquery.js?body=1" for 127.0.0.1 at 2015-09-13 18:41:20 -0400


Started GET "/assets/todo_things.css?body=1" for 127.0.0.1 at 2015-09-13 18:41:20 -0400


Started GET "/assets/scaffolds.css?body=1" for 127.0.0.1 at 2015-09-13 18:41:20 -0400


Started GET "/assets/turbolinks.js?body=1" for 127.0.0.1 at 2015-09-13 18:41:20 -0400


Started GET "/assets/todo_things.js?body=1" for 127.0.0.1 at 2015-09-13 18:41:20 -0400


Started GET "/assets/application.js?body=1" for 127.0.0.1 at 2015-09-13 18:41:20 -0400


Started GET "/todo_things" for 127.0.0.1 at 2015-09-13 18:52:22 -0400
Processing by TodoThingsController#index as HTML
  [1m[35mTodoThing Load (0.3ms)[0m  SELECT "todo_things".* FROM "todo_things"
  Rendered todo_things/index.html.erb within layouts/application (3.1ms)
Completed 200 OK in 9ms (Views: 7.8ms | ActiveRecord: 0.3ms)


Started GET "/todo_things/new" for 127.0.0.1 at 2015-09-13 18:52:24 -0400
Processing by TodoThingsController#new as HTML
  Rendered todo_things/_form.html.erb (2.9ms)
  Rendered todo_things/new.html.erb within layouts/application (4.4ms)
Completed 200 OK in 9ms (Views: 8.5ms | ActiveRecord: 0.0ms)


Started GET "/todo_things" for 127.0.0.1 at 2015-09-13 18:52:26 -0400
Processing by TodoThingsController#index as HTML
  [1m[36mTodoThing Load (0.2ms)[0m  [1mSELECT "todo_things".* FROM "todo_things"[0m
  Rendered todo_things/index.html.erb within layouts/application (1.7ms)
Completed 200 OK in 7ms (Views: 6.2ms | ActiveRecord: 0.2ms)


Started GET "/todo_things/new" for 127.0.0.1 at 2015-09-13 18:53:25 -0400
Processing by TodoThingsController#new as HTML
  Rendered todo_things/_form.html.erb (1.8ms)
  Rendered todo_things/new.html.erb within layouts/application (2.7ms)
Completed 200 OK in 7ms (Views: 6.6ms | ActiveRecord: 0.0ms)


Started POST "/todo_things" for 127.0.0.1 at 2015-09-13 18:53:26 -0400
Processing by TodoThingsController#create as HTML
  Parameters: {"utf8"=>"✓", "authenticity_token"=>"wpcekwtcXW1USG0JWMRgaeHH/8plxJyElYCmKdD00Ck=", "todo_thing"=>{"title"=>"", "description"=>""}, "commit"=>"Create Todo thing"}
  [1m[35m (0.1ms)[0m  begin transaction
  [1m[36mSQL (4.9ms)[0m  [1mINSERT INTO "todo_things" ("created_at", "description", "title", "updated_at") VALUES (?, ?, ?, ?)[0m  [["created_at", Sun, 13 Sep 2015 22:53:26 UTC +00:00], ["description", ""], ["title", ""], ["updated_at", Sun, 13 Sep 2015 22:53:26 UTC +00:00]]
  [1m[35m (5.5ms)[0m  commit transaction
Redirected to http://localhost:3000/todo_things/4
Completed 302 Found in 17ms (ActiveRecord: 10.6ms)


Started GET "/todo_things/4" for 127.0.0.1 at 2015-09-13 18:53:26 -0400
Processing by TodoThingsController#show as HTML
  Parameters: {"id"=>"4"}
  [1m[36mTodoThing Load (0.2ms)[0m  [1mSELECT "todo_things".* FROM "todo_things" WHERE "todo_things"."id" = ? LIMIT 1[0m  [["id", "4"]]
  Rendered todo_things/show.html.erb within layouts/application (1.0ms)
Completed 200 OK in 8ms (Views: 5.3ms | ActiveRecord: 0.2ms)


Started GET "/assets/application.css?body=1" for 127.0.0.1 at 2015-09-13 18:53:26 -0400


Started GET "/assets/jquery.js?body=1" for 127.0.0.1 at 2015-09-13 18:53:26 -0400


Started GET "/assets/scaffolds.css?body=1" for 127.0.0.1 at 2015-09-13 18:53:26 -0400


Started GET "/assets/todo_things.js?body=1" for 127.0.0.1 at 2015-09-13 18:53:26 -0400


Started GET "/assets/todo_things.css?body=1" for 127.0.0.1 at 2015-09-13 18:53:26 -0400


Started GET "/assets/turbolinks.js?body=1" for 127.0.0.1 at 2015-09-13 18:53:26 -0400


Started GET "/assets/application.js?body=1" for 127.0.0.1 at 2015-09-13 18:53:26 -0400


Started GET "/assets/jquery_ujs.js?body=1" for 127.0.0.1 at 2015-09-13 18:53:26 -0400


Started GET "/todo_things/4/edit" for 127.0.0.1 at 2015-09-13 18:54:04 -0400
Processing by TodoThingsController#edit as HTML
  Parameters: {"id"=>"4"}
  [1m[35mTodoThing Load (0.2ms)[0m  SELECT "todo_things".* FROM "todo_things" WHERE "todo_things"."id" = ? LIMIT 1  [["id", "4"]]
  Rendered todo_things/_form.html.erb (3.1ms)
  Rendered todo_things/edit.html.erb within layouts/application (4.9ms)
Completed 200 OK in 10ms (Views: 8.8ms | ActiveRecord: 0.2ms)


Started PATCH "/todo_things/4" for 127.0.0.1 at 2015-09-13 18:54:09 -0400
Processing by TodoThingsController#update as HTML
  Parameters: {"utf8"=>"✓", "authenticity_token"=>"wpcekwtcXW1USG0JWMRgaeHH/8plxJyElYCmKdD00Ck=", "todo_thing"=>{"title"=>"Test", "description"=>""}, "commit"=>"Update Todo thing", "id"=>"4"}
  [1m[36mTodoThing Load (0.1ms)[0m  [1mSELECT "todo_things".* FROM "todo_things" WHERE "todo_things"."id" = ? LIMIT 1[0m  [["id", "4"]]
  [1m[35m (0.1ms)[0m  begin transaction
  [1m[36mSQL (0.4ms)[0m  [1mUPDATE "todo_things" SET "title" = ?, "updated_at" = ? WHERE "todo_things"."id" = 4[0m  [["title", "Test"], ["updated_at", Sun, 13 Sep 2015 22:54:09 UTC +00:00]]
  [1m[35m (1.6ms)[0m  commit transaction
Redirected to http://localhost:3000/todo_things/4
Completed 302 Found in 7ms (ActiveRecord: 2.2ms)


Started GET "/todo_things/4" for 127.0.0.1 at 2015-09-13 18:54:09 -0400
Processing by TodoThingsController#show as HTML
  Parameters: {"id"=>"4"}
  [1m[36mTodoThing Load (0.1ms)[0m  [1mSELECT "todo_things".* FROM "todo_things" WHERE "todo_things"."id" = ? LIMIT 1[0m  [["id", "4"]]
  Rendered todo_things/show.html.erb within layouts/application (0.4ms)
Completed 200 OK in 6ms (Views: 4.4ms | ActiveRecord: 0.1ms)


Started GET "/assets/application.css?body=1" for 127.0.0.1 at 2015-09-13 18:54:09 -0400


Started GET "/assets/todo_things.css?body=1" for 127.0.0.1 at 2015-09-13 18:54:09 -0400


Started GET "/assets/scaffolds.css?body=1" for 127.0.0.1 at 2015-09-13 18:54:09 -0400


Started GET "/assets/todo_things.js?body=1" for 127.0.0.1 at 2015-09-13 18:54:09 -0400


Started GET "/assets/jquery_ujs.js?body=1" for 127.0.0.1 at 2015-09-13 18:54:09 -0400


Started GET "/assets/jquery.js?body=1" for 127.0.0.1 at 2015-09-13 18:54:09 -0400


Started GET "/assets/turbolinks.js?body=1" for 127.0.0.1 at 2015-09-13 18:54:09 -0400


Started GET "/assets/application.js?body=1" for 127.0.0.1 at 2015-09-13 18:54:09 -0400


Started GET "/todo_things/4/edit" for 127.0.0.1 at 2015-09-13 18:54:11 -0400
Processing by TodoThingsController#edit as HTML
  Parameters: {"id"=>"4"}
  [1m[35mTodoThing Load (0.1ms)[0m  SELECT "todo_things".* FROM "todo_things" WHERE "todo_things"."id" = ? LIMIT 1  [["id", "4"]]
  Rendered todo_things/_form.html.erb (2.1ms)
  Rendered todo_things/edit.html.erb within layouts/application (3.3ms)
Completed 200 OK in 8ms (Views: 7.0ms | ActiveRecord: 0.1ms)


Started GET "/todo_things" for 127.0.0.1 at 2015-09-13 18:54:12 -0400
Processing by TodoThingsController#index as HTML
  [1m[36mTodoThing Load (0.2ms)[0m  [1mSELECT "todo_things".* FROM "todo_things"[0m
  Rendered todo_things/index.html.erb within layouts/application (2.0ms)
Completed 200 OK in 7ms (Views: 5.9ms | ActiveRecord: 0.2ms)


Started DELETE "/todo_things/4" for 127.0.0.1 at 2015-09-13 18:54:14 -0400
Processing by TodoThingsController#destroy as HTML
  Parameters: {"authenticity_token"=>"wpcekwtcXW1USG0JWMRgaeHH/8plxJyElYCmKdD00Ck=", "id"=>"4"}
  [1m[35mTodoThing Load (0.2ms)[0m  SELECT "todo_things".* FROM "todo_things" WHERE "todo_things"."id" = ? LIMIT 1  [["id", "4"]]
  [1m[36m (0.1ms)[0m  [1mbegin transaction[0m
  [1m[35mSQL (0.7ms)[0m  DELETE FROM "todo_things" WHERE "todo_things"."id" = ?  [["id", 4]]
  [1m[36m (1.7ms)[0m  [1mcommit transaction[0m
Redirected to http://localhost:3000/todo_things
Completed 302 Found in 8ms (ActiveRecord: 2.7ms)


Started GET "/todo_things" for 127.0.0.1 at 2015-09-13 18:54:14 -0400
Processing by TodoThingsController#index as HTML
  [1m[35mTodoThing Load (0.3ms)[0m  SELECT "todo_things".* FROM "todo_things"
  Rendered todo_things/index.html.erb within layouts/application (3.5ms)
Completed 200 OK in 10ms (Views: 8.4ms | ActiveRecord: 0.3ms)


Started GET "/assets/application.css?body=1" for 127.0.0.1 at 2015-09-13 18:54:14 -0400


Started GET "/assets/jquery.js?body=1" for 127.0.0.1 at 2015-09-13 18:54:14 -0400


Started GET "/assets/scaffolds.css?body=1" for 127.0.0.1 at 2015-09-13 18:54:14 -0400


Started GET "/assets/todo_things.css?body=1" for 127.0.0.1 at 2015-09-13 18:54:14 -0400


Started GET "/assets/turbolinks.js?body=1" for 127.0.0.1 at 2015-09-13 18:54:14 -0400


Started GET "/assets/jquery_ujs.js?body=1" for 127.0.0.1 at 2015-09-13 18:54:14 -0400


Started GET "/assets/todo_things.js?body=1" for 127.0.0.1 at 2015-09-13 18:54:14 -0400


Started GET "/assets/application.js?body=1" for 127.0.0.1 at 2015-09-13 18:54:14 -0400


Started DELETE "/todo_things/3" for 127.0.0.1 at 2015-09-13 18:54:19 -0400
Processing by TodoThingsController#destroy as HTML
  Parameters: {"authenticity_token"=>"wpcekwtcXW1USG0JWMRgaeHH/8plxJyElYCmKdD00Ck=", "id"=>"3"}
  [1m[36mTodoThing Load (0.2ms)[0m  [1mSELECT "todo_things".* FROM "todo_things" WHERE "todo_things"."id" = ? LIMIT 1[0m  [["id", "3"]]
  [1m[35m (0.1ms)[0m  begin transaction
  [1m[36mSQL (0.7ms)[0m  [1mDELETE FROM "todo_things" WHERE "todo_things"."id" = ?[0m  [["id", 3]]
  [1m[35m (1.5ms)[0m  commit transaction
Redirected to http://localhost:3000/todo_things
Completed 302 Found in 6ms (ActiveRecord: 2.5ms)


Started GET "/todo_things" for 127.0.0.1 at 2015-09-13 18:54:19 -0400
Processing by TodoThingsController#index as HTML
  [1m[36mTodoThing Load (0.2ms)[0m  [1mSELECT "todo_things".* FROM "todo_things"[0m
  Rendered todo_things/index.html.erb within layouts/application (0.7ms)
Completed 200 OK in 5ms (Views: 4.7ms | ActiveRecord: 0.1ms)


Started GET "/assets/application.css?body=1" for 127.0.0.1 at 2015-09-13 18:54:19 -0400


Started GET "/assets/scaffolds.css?body=1" for 127.0.0.1 at 2015-09-13 18:54:19 -0400


Started GET "/assets/turbolinks.js?body=1" for 127.0.0.1 at 2015-09-13 18:54:19 -0400


Started GET "/assets/todo_things.js?body=1" for 127.0.0.1 at 2015-09-13 18:54:19 -0400


Started GET "/assets/todo_things.css?body=1" for 127.0.0.1 at 2015-09-13 18:54:19 -0400


Started GET "/assets/jquery_ujs.js?body=1" for 127.0.0.1 at 2015-09-13 18:54:19 -0400


Started GET "/assets/jquery.js?body=1" for 127.0.0.1 at 2015-09-13 18:54:19 -0400


Started GET "/assets/application.js?body=1" for 127.0.0.1 at 2015-09-13 18:54:19 -0400


Started GET "/" for 127.0.0.1 at 2015-09-13 18:54:32 -0400
Processing by TodoThingsController#index as HTML
  [1m[35mTodoThing Load (0.1ms)[0m  SELECT "todo_things".* FROM "todo_things"
  Rendered todo_things/index.html.erb within layouts/application (0.7ms)
Completed 200 OK in 5ms (Views: 4.1ms | ActiveRecord: 0.1ms)


Started GET "/assets/scaffolds.css?body=1" for 127.0.0.1 at 2015-09-13 18:54:32 -0400


Started GET "/assets/application.css?body=1" for 127.0.0.1 at 2015-09-13 18:54:32 -0400


Started GET "/assets/todo_things.css?body=1" for 127.0.0.1 at 2015-09-13 18:54:32 -0400


Started GET "/assets/todo_things.js?body=1" for 127.0.0.1 at 2015-09-13 18:54:32 -0400


Started GET "/assets/jquery.js?body=1" for 127.0.0.1 at 2015-09-13 18:54:32 -0400


Started GET "/assets/jquery_ujs.js?body=1" for 127.0.0.1 at 2015-09-13 18:54:32 -0400


Started GET "/assets/turbolinks.js?body=1" for 127.0.0.1 at 2015-09-13 18:54:32 -0400


Started GET "/assets/application.js?body=1" for 127.0.0.1 at 2015-09-13 18:54:32 -0400


Started GET "/todo_things/new" for 127.0.0.1 at 2015-09-13 18:54:36 -0400
Processing by TodoThingsController#new as HTML
  Rendered todo_things/_form.html.erb (1.9ms)
  Rendered todo_things/new.html.erb within layouts/application (2.8ms)
Completed 200 OK in 7ms (Views: 6.5ms | ActiveRecord: 0.0ms)


Started POST "/todo_things" for 127.0.0.1 at 2015-09-13 18:54:49 -0400
Processing by TodoThingsController#create as HTML
  Parameters: {"utf8"=>"✓", "authenticity_token"=>"wpcekwtcXW1USG0JWMRgaeHH/8plxJyElYCmKdD00Ck=", "todo_thing"=>{"title"=>"Test", "description"=>"Test"}, "commit"=>"Create Todo thing"}
  [1m[36m (0.1ms)[0m  [1mbegin transaction[0m
  [1m[35mSQL (1.2ms)[0m  INSERT INTO "todo_things" ("created_at", "description", "title", "updated_at") VALUES (?, ?, ?, ?)  [["created_at", Sun, 13 Sep 2015 22:54:49 UTC +00:00], ["description", "Test"], ["title", "Test"], ["updated_at", Sun, 13 Sep 2015 22:54:49 UTC +00:00]]
  [1m[36m (1.7ms)[0m  [1mcommit transaction[0m
Redirected to http://localhost:3000/todo_things/5
Completed 302 Found in 6ms (ActiveRecord: 2.9ms)


Started GET "/todo_things/5" for 127.0.0.1 at 2015-09-13 18:54:49 -0400
Processing by TodoThingsController#show as HTML
  Parameters: {"id"=>"5"}
  [1m[35mTodoThing Load (0.1ms)[0m  SELECT "todo_things".* FROM "todo_things" WHERE "todo_things"."id" = ? LIMIT 1  [["id", "5"]]
  Rendered todo_things/show.html.erb within layouts/application (0.4ms)
Completed 200 OK in 5ms (Views: 4.1ms | ActiveRecord: 0.1ms)


Started GET "/assets/scaffolds.css?body=1" for 127.0.0.1 at 2015-09-13 18:54:49 -0400


Started GET "/assets/application.css?body=1" for 127.0.0.1 at 2015-09-13 18:54:49 -0400


Started GET "/assets/todo_things.css?body=1" for 127.0.0.1 at 2015-09-13 18:54:49 -0400


Started GET "/assets/jquery.js?body=1" for 127.0.0.1 at 2015-09-13 18:54:49 -0400


Started GET "/assets/jquery_ujs.js?body=1" for 127.0.0.1 at 2015-09-13 18:54:49 -0400


Started GET "/assets/turbolinks.js?body=1" for 127.0.0.1 at 2015-09-13 18:54:49 -0400


Started GET "/assets/application.js?body=1" for 127.0.0.1 at 2015-09-13 18:54:49 -0400


Started GET "/assets/todo_things.js?body=1" for 127.0.0.1 at 2015-09-13 18:54:49 -0400


Started GET "/" for 127.0.0.1 at 2015-09-13 19:04:35 -0400
Processing by TodoThingsController#index as HTML
Completed 500 Internal Server Error in 3ms

SyntaxError (/Users/gkmohit/Desktop/github/mohitKishore/todoList/app/models/todo_thing.rb:2: syntax error, unexpected ':', expecting keyword_end
	validates : title, presenece: true
	           ^):
  app/controllers/todo_things_controller.rb:7:in `index'


  Rendered /Users/gkmohit/.rbenv/versions/2.0.0-p353/lib/ruby/gems/2.0.0/gems/actionpack-4.0.2/lib/action_dispatch/middleware/templates/rescues/_source.erb (0.8ms)
  Rendered /Users/gkmohit/.rbenv/versions/2.0.0-p353/lib/ruby/gems/2.0.0/gems/actionpack-4.0.2/lib/action_dispatch/middleware/templates/rescues/_trace.erb (1.9ms)
  Rendered /Users/gkmohit/.rbenv/versions/2.0.0-p353/lib/ruby/gems/2.0.0/gems/actionpack-4.0.2/lib/action_dispatch/middleware/templates/rescues/_request_and_response.erb (1.3ms)
  Rendered /Users/gkmohit/.rbenv/versions/2.0.0-p353/lib/ruby/gems/2.0.0/gems/actionpack-4.0.2/lib/action_dispatch/middleware/templates/rescues/diagnostics.erb within rescues/layout (22.7ms)


Started GET "/" for 127.0.0.1 at 2015-09-13 19:04:38 -0400
Processing by TodoThingsController#index as HTML
Completed 500 Internal Server Error in 2ms

SyntaxError (/Users/gkmohit/Desktop/github/mohitKishore/todoList/app/models/todo_thing.rb:2: syntax error, unexpected ':', expecting keyword_end
	validates : title, presenece: true
	           ^):
  app/controllers/todo_things_controller.rb:7:in `index'


  Rendered /Users/gkmohit/.rbenv/versions/2.0.0-p353/lib/ruby/gems/2.0.0/gems/actionpack-4.0.2/lib/action_dispatch/middleware/templates/rescues/_source.erb (1.1ms)
  Rendered /Users/gkmohit/.rbenv/versions/2.0.0-p353/lib/ruby/gems/2.0.0/gems/actionpack-4.0.2/lib/action_dispatch/middleware/templates/rescues/_trace.erb (1.5ms)
  Rendered /Users/gkmohit/.rbenv/versions/2.0.0-p353/lib/ruby/gems/2.0.0/gems/actionpack-4.0.2/lib/action_dispatch/middleware/templates/rescues/_request_and_response.erb (1.6ms)
  Rendered /Users/gkmohit/.rbenv/versions/2.0.0-p353/lib/ruby/gems/2.0.0/gems/actionpack-4.0.2/lib/action_dispatch/middleware/templates/rescues/diagnostics.erb within rescues/layout (21.1ms)


Started GET "/" for 127.0.0.1 at 2015-09-13 19:05:31 -0400
Processing by TodoThingsController#index as HTML
  [1m[36mTodoThing Load (0.4ms)[0m  [1mSELECT "todo_things".* FROM "todo_things"[0m
  Rendered todo_things/index.html.erb within layouts/application (7.0ms)
Completed 200 OK in 14ms (Views: 11.1ms | ActiveRecord: 0.7ms)


Started GET "/assets/scaffolds.css?body=1" for 127.0.0.1 at 2015-09-13 19:05:31 -0400


Started GET "/assets/turbolinks.js?body=1" for 127.0.0.1 at 2015-09-13 19:05:31 -0400


Started GET "/assets/application.js?body=1" for 127.0.0.1 at 2015-09-13 19:05:31 -0400


Started GET "/assets/jquery_ujs.js?body=1" for 127.0.0.1 at 2015-09-13 19:05:31 -0400


Started GET "/assets/todo_things.css?body=1" for 127.0.0.1 at 2015-09-13 19:05:31 -0400


Started GET "/assets/application.css?body=1" for 127.0.0.1 at 2015-09-13 19:05:31 -0400


Started GET "/assets/todo_things.js?body=1" for 127.0.0.1 at 2015-09-13 19:05:31 -0400


Started GET "/assets/jquery.js?body=1" for 127.0.0.1 at 2015-09-13 19:05:31 -0400


Started DELETE "/todo_things/5" for 127.0.0.1 at 2015-09-13 19:06:14 -0400
Processing by TodoThingsController#destroy as HTML
  Parameters: {"authenticity_token"=>"wpcekwtcXW1USG0JWMRgaeHH/8plxJyElYCmKdD00Ck=", "id"=>"5"}
  [1m[35mTodoThing Load (0.3ms)[0m  SELECT "todo_things".* FROM "todo_things" WHERE "todo_things"."id" = ? LIMIT 1  [["id", "5"]]
  [1m[36m (0.1ms)[0m  [1mbegin transaction[0m
  [1m[35mSQL (0.4ms)[0m  DELETE FROM "todo_things" WHERE "todo_things"."id" = ?  [["id", 5]]
  [1m[36m (1.7ms)[0m  [1mcommit transaction[0m
Redirected to http://localhost:3000/todo_things
Completed 302 Found in 7ms (ActiveRecord: 2.5ms)


Started GET "/todo_things" for 127.0.0.1 at 2015-09-13 19:06:15 -0400
Processing by TodoThingsController#index as HTML
  [1m[35mTodoThing Load (0.2ms)[0m  SELECT "todo_things".* FROM "todo_things"
  Rendered todo_things/index.html.erb within layouts/application (1.2ms)
Completed 200 OK in 7ms (Views: 5.9ms | ActiveRecord: 0.2ms)


Started GET "/assets/application.css?body=1" for 127.0.0.1 at 2015-09-13 19:06:15 -0400


Started GET "/assets/turbolinks.js?body=1" for 127.0.0.1 at 2015-09-13 19:06:15 -0400


Started GET "/assets/jquery_ujs.js?body=1" for 127.0.0.1 at 2015-09-13 19:06:15 -0400


Started GET "/assets/jquery.js?body=1" for 127.0.0.1 at 2015-09-13 19:06:15 -0400


Started GET "/assets/application.js?body=1" for 127.0.0.1 at 2015-09-13 19:06:15 -0400


Started GET "/assets/todo_things.css?body=1" for 127.0.0.1 at 2015-09-13 19:06:15 -0400


Started GET "/assets/todo_things.js?body=1" for 127.0.0.1 at 2015-09-13 19:06:15 -0400


Started GET "/assets/scaffolds.css?body=1" for 127.0.0.1 at 2015-09-13 19:06:15 -0400


Started GET "/todo_things/new" for 127.0.0.1 at 2015-09-13 19:06:15 -0400
Processing by TodoThingsController#new as HTML
  Rendered todo_things/_form.html.erb (2.4ms)
  Rendered todo_things/new.html.erb within layouts/application (3.5ms)
Completed 200 OK in 8ms (Views: 7.6ms | ActiveRecord: 0.0ms)


Started POST "/todo_things" for 127.0.0.1 at 2015-09-13 19:06:17 -0400
Processing by TodoThingsController#create as HTML
  Parameters: {"utf8"=>"✓", "authenticity_token"=>"wpcekwtcXW1USG0JWMRgaeHH/8plxJyElYCmKdD00Ck=", "todo_thing"=>{"title"=>"", "description"=>""}, "commit"=>"Create Todo thing"}
  [1m[36m (0.1ms)[0m  [1mbegin transaction[0m
  [1m[35m (0.1ms)[0m  rollback transaction
  Rendered todo_things/_form.html.erb (5.8ms)
  Rendered todo_things/new.html.erb within layouts/application (6.9ms)
Completed 200 OK in 39ms (Views: 35.9ms | ActiveRecord: 0.2ms)


Started GET "/assets/application.css?body=1" for 127.0.0.1 at 2015-09-13 19:06:17 -0400


Started GET "/assets/scaffolds.css?body=1" for 127.0.0.1 at 2015-09-13 19:06:17 -0400


Started GET "/assets/turbolinks.js?body=1" for 127.0.0.1 at 2015-09-13 19:06:17 -0400


Started GET "/assets/todo_things.css?body=1" for 127.0.0.1 at 2015-09-13 19:06:17 -0400


Started GET "/assets/jquery_ujs.js?body=1" for 127.0.0.1 at 2015-09-13 19:06:17 -0400


Started GET "/assets/jquery.js?body=1" for 127.0.0.1 at 2015-09-13 19:06:17 -0400


Started GET "/assets/todo_things.js?body=1" for 127.0.0.1 at 2015-09-13 19:06:17 -0400


Started GET "/assets/application.js?body=1" for 127.0.0.1 at 2015-09-13 19:06:17 -0400


Started GET "/" for 127.0.0.1 at 2015-09-13 19:06:50 -0400
Processing by TodoThingsController#index as HTML
  [1m[36mTodoThing Load (0.2ms)[0m  [1mSELECT "todo_things".* FROM "todo_things"[0m
  Rendered todo_things/index.html.erb within layouts/application (1.0ms)
Completed 200 OK in 7ms (Views: 5.3ms | ActiveRecord: 0.2ms)


Started GET "/assets/application.css?body=1" for 127.0.0.1 at 2015-09-13 19:06:50 -0400


Started GET "/assets/scaffolds.css?body=1" for 127.0.0.1 at 2015-09-13 19:06:50 -0400


Started GET "/assets/todo_things.css?body=1" for 127.0.0.1 at 2015-09-13 19:06:50 -0400


Started GET "/assets/jquery.js?body=1" for 127.0.0.1 at 2015-09-13 19:06:50 -0400


Started GET "/assets/jquery_ujs.js?body=1" for 127.0.0.1 at 2015-09-13 19:06:50 -0400


Started GET "/assets/turbolinks.js?body=1" for 127.0.0.1 at 2015-09-13 19:06:50 -0400


Started GET "/assets/application.js?body=1" for 127.0.0.1 at 2015-09-13 19:06:50 -0400


Started GET "/assets/todo_things.js?body=1" for 127.0.0.1 at 2015-09-13 19:06:50 -0400


Started GET "/todo_things/new" for 127.0.0.1 at 2015-09-13 19:07:07 -0400
Processing by TodoThingsController#new as HTML
  Rendered todo_things/_form.html.erb (2.3ms)
  Rendered todo_things/new.html.erb within layouts/application (3.3ms)
Completed 200 OK in 8ms (Views: 7.6ms | ActiveRecord: 0.0ms)


Started POST "/todo_things" for 127.0.0.1 at 2015-09-13 19:07:40 -0400
Processing by TodoThingsController#create as HTML
  Parameters: {"utf8"=>"✓", "authenticity_token"=>"wpcekwtcXW1USG0JWMRgaeHH/8plxJyElYCmKdD00Ck=", "todo_thing"=>{"title"=>"", "description"=>"Test description inserted"}, "commit"=>"Create Todo thing"}
  [1m[35m (0.3ms)[0m  begin transaction
  [1m[36m (0.1ms)[0m  [1mrollback transaction[0m
  Rendered todo_things/_form.html.erb (4.2ms)
  Rendered todo_things/new.html.erb within layouts/application (5.2ms)
Completed 200 OK in 15ms (Views: 10.2ms | ActiveRecord: 0.4ms)


Started GET "/assets/application.css?body=1" for 127.0.0.1 at 2015-09-13 19:07:40 -0400


Started GET "/assets/jquery_ujs.js?body=1" for 127.0.0.1 at 2015-09-13 19:07:41 -0400


Started GET "/assets/scaffolds.css?body=1" for 127.0.0.1 at 2015-09-13 19:07:41 -0400


Started GET "/assets/jquery.js?body=1" for 127.0.0.1 at 2015-09-13 19:07:41 -0400


Started GET "/assets/todo_things.css?body=1" for 127.0.0.1 at 2015-09-13 19:07:41 -0400


Started GET "/assets/application.js?body=1" for 127.0.0.1 at 2015-09-13 19:07:41 -0400


Started GET "/assets/todo_things.js?body=1" for 127.0.0.1 at 2015-09-13 19:07:41 -0400


Started GET "/assets/turbolinks.js?body=1" for 127.0.0.1 at 2015-09-13 19:07:41 -0400


Started GET "/todo_things" for 127.0.0.1 at 2015-09-13 19:39:35 -0400
Processing by TodoThingsController#index as HTML
  [1m[35mTodoThing Load (1.1ms)[0m  SELECT "todo_things".* FROM "todo_things"
  Rendered todo_things/index.html.erb within layouts/application (9.4ms)
Completed 200 OK in 86ms (Views: 78.9ms | ActiveRecord: 1.1ms)


Started GET "/assets/jquery.js?body=1" for 127.0.0.1 at 2015-09-13 19:39:35 -0400


Started GET "/assets/scaffolds.css?body=1" for 127.0.0.1 at 2015-09-13 19:39:35 -0400


Started GET "/assets/todo_things.css?body=1" for 127.0.0.1 at 2015-09-13 19:39:35 -0400


Started GET "/assets/turbolinks.js?body=1" for 127.0.0.1 at 2015-09-13 19:39:35 -0400


Started GET "/assets/application.css?body=1" for 127.0.0.1 at 2015-09-13 19:39:35 -0400


Started GET "/assets/todo_things.js?body=1" for 127.0.0.1 at 2015-09-13 19:39:35 -0400


Started GET "/assets/jquery_ujs.js?body=1" for 127.0.0.1 at 2015-09-13 19:39:35 -0400


Started GET "/assets/application.js?body=1" for 127.0.0.1 at 2015-09-13 19:39:35 -0400


Started GET "/todo_things/new" for 127.0.0.1 at 2015-09-13 19:39:36 -0400
Processing by TodoThingsController#new as HTML
  Rendered todo_things/_form.html.erb (7.2ms)
  Rendered todo_things/new.html.erb within layouts/application (9.3ms)
Completed 200 OK in 51ms (Views: 49.2ms | ActiveRecord: 0.0ms)


Started GET "/" for 127.0.0.1 at 2015-09-13 19:49:01 -0400
Processing by TodoThingsController#index as HTML
  [1m[36mTodoThing Load (0.2ms)[0m  [1mSELECT "todo_things".* FROM "todo_things"[0m
  Rendered todo_things/index.html.erb within layouts/application (0.9ms)
Completed 200 OK in 9ms (Views: 8.1ms | ActiveRecord: 0.2ms)


Started GET "/assets/application.css?body=1" for 127.0.0.1 at 2015-09-13 19:49:01 -0400


Started GET "/assets/scaffolds.css?body=1" for 127.0.0.1 at 2015-09-13 19:49:01 -0400


Started GET "/assets/jquery_ujs.js?body=1" for 127.0.0.1 at 2015-09-13 19:49:01 -0400


Started GET "/assets/turbolinks.js?body=1" for 127.0.0.1 at 2015-09-13 19:49:01 -0400


Started GET "/assets/todo_things.js?body=1" for 127.0.0.1 at 2015-09-13 19:49:01 -0400


Started GET "/assets/todo_things.css?body=1" for 127.0.0.1 at 2015-09-13 19:49:01 -0400


Started GET "/assets/jquery.js?body=1" for 127.0.0.1 at 2015-09-13 19:49:01 -0400


Started GET "/assets/application.js?body=1" for 127.0.0.1 at 2015-09-13 19:49:01 -0400


Started GET "/todo_things/new" for 127.0.0.1 at 2015-09-13 19:49:03 -0400
Processing by TodoThingsController#new as HTML
  Rendered todo_things/_form.html.erb (3.3ms)
  Rendered todo_things/new.html.erb within layouts/application (4.5ms)
Completed 200 OK in 11ms (Views: 10.0ms | ActiveRecord: 0.0ms)


Started POST "/todo_things" for 127.0.0.1 at 2015-09-13 19:49:04 -0400
Processing by TodoThingsController#create as HTML
  Parameters: {"utf8"=>"✓", "authenticity_token"=>"wpcekwtcXW1USG0JWMRgaeHH/8plxJyElYCmKdD00Ck=", "todo_thing"=>{"title"=>"", "description"=>""}, "commit"=>"Create Todo thing"}
  [1m[35m (0.2ms)[0m  begin transaction
  [1m[36m (0.2ms)[0m  [1mrollback transaction[0m
  Rendered todo_things/_form.html.erb (58.6ms)
  Rendered todo_things/new.html.erb within layouts/application (60.5ms)
Completed 200 OK in 76ms (Views: 67.9ms | ActiveRecord: 0.4ms)


Started GET "/assets/application.css?body=1" for 127.0.0.1 at 2015-09-13 19:49:05 -0400


Started GET "/assets/scaffolds.css?body=1" for 127.0.0.1 at 2015-09-13 19:49:05 -0400


Started GET "/assets/todo_things.css?body=1" for 127.0.0.1 at 2015-09-13 19:49:05 -0400


Started GET "/assets/jquery_ujs.js?body=1" for 127.0.0.1 at 2015-09-13 19:49:05 -0400


Started GET "/assets/turbolinks.js?body=1" for 127.0.0.1 at 2015-09-13 19:49:05 -0400


Started GET "/assets/jquery.js?body=1" for 127.0.0.1 at 2015-09-13 19:49:05 -0400


Started GET "/assets/application.js?body=1" for 127.0.0.1 at 2015-09-13 19:49:05 -0400


Started GET "/assets/todo_things.js?body=1" for 127.0.0.1 at 2015-09-13 19:49:05 -0400
